<?xml version="1.0" encoding="UTF-8"?>
<coverage generated="1728298254349" clover="3.2.0">
  <project timestamp="1728298254349" name="All files">
    <metrics statements="57" coveredstatements="53" conditionals="22" coveredconditionals="18" methods="20" coveredmethods="18" elements="99" coveredelements="89" complexity="0" loc="57" ncloc="57" packages="1" files="1" classes="1"/>
    <file name="TaskManager.tsx" path="/Users/Account1/WebstormProjects/hcu-coding-test/src/components/TaskManager/TaskManager.tsx">
      <metrics statements="57" coveredstatements="53" conditionals="22" coveredconditionals="18" methods="20" coveredmethods="18"/>
      <line num="1" count="1" type="stmt"/>
      <line num="2" count="1" type="stmt"/>
      <line num="3" count="1" type="stmt"/>
      <line num="4" count="1" type="stmt"/>
      <line num="5" count="1" type="stmt"/>
      <line num="7" count="1" type="stmt"/>
      <line num="8" count="1" type="stmt"/>
      <line num="18" count="1" type="stmt"/>
      <line num="19" count="32" type="stmt"/>
      <line num="20" count="31" type="stmt"/>
      <line num="21" count="31" type="stmt"/>
      <line num="22" count="31" type="stmt"/>
      <line num="23" count="31" type="stmt"/>
      <line num="25" count="31" type="stmt"/>
      <line num="26" count="6" type="stmt"/>
      <line num="27" count="6" type="stmt"/>
      <line num="28" count="6" type="stmt"/>
      <line num="29" count="6" type="stmt"/>
      <line num="30" count="6" type="cond" truecount="6" falsecount="0"/>
      <line num="32" count="0" type="stmt"/>
      <line num="33" count="0" type="stmt"/>
      <line num="35" count="6" type="stmt"/>
      <line num="38" count="6" type="stmt"/>
      <line num="41" count="31" type="stmt"/>
      <line num="42" count="2" type="cond" truecount="1" falsecount="0"/>
      <line num="43" count="1" type="stmt"/>
      <line num="44" count="1" type="stmt"/>
      <line num="46" count="1" type="stmt"/>
      <line num="47" count="1" type="stmt"/>
      <line num="50" count="31" type="stmt"/>
      <line num="51" count="2" type="cond" truecount="1" falsecount="0"/>
      <line num="52" count="1" type="stmt"/>
      <line num="58" count="1" type="stmt"/>
      <line num="59" count="1" type="stmt"/>
      <line num="61" count="1" type="stmt"/>
      <line num="62" count="1" type="stmt"/>
      <line num="63" count="1" type="stmt"/>
      <line num="64" count="1" type="cond" truecount="1" falsecount="1"/>
      <line num="67" count="0" type="stmt"/>
      <line num="68" count="0" type="stmt"/>
      <line num="72" count="31" type="stmt"/>
      <line num="73" count="8" type="stmt"/>
      <line num="74" count="8" type="cond" truecount="0" falsecount="1"/>
      <line num="77" count="31" type="stmt"/>
      <line num="78" count="8" type="cond" truecount="0" falsecount="1"/>
      <line num="81" count="31" type="stmt"/>
      <line num="82" count="1" type="stmt"/>
      <line num="83" count="1" type="cond" truecount="1" falsecount="1"/>
      <line num="87" count="31" type="stmt"/>
      <line num="88" count="12" type="cond" truecount="1" falsecount="0"/>
      <line num="89" count="10" type="cond" truecount="1" falsecount="0"/>
      <line num="90" count="8" type="stmt"/>
      <line num="93" count="31" type="stmt"/>
      <line num="114" count="2" type="stmt"/>
      <line num="124" count="10" type="stmt"/>
      <line num="125" count="1" type="stmt"/>
      <line num="138" count="1" type="stmt"/>
    </file>
  </project>
</coverage>
