{"/Users/Account1/WebstormProjects/hcu-coding-test/src/components/TaskManager/TaskManager.tsx": {"path":"/Users/Account1/WebstormProjects/hcu-coding-test/src/components/TaskManager/TaskManager.tsx","statementMap":{"0":{"start":{"line":1,"column":0},"end":{"line":1,"column":51}},"1":{"start":{"line":2,"column":0},"end":{"line":2,"column":38}},"2":{"start":{"line":3,"column":0},"end":{"line":3,"column":102}},"3":{"start":{"line":4,"column":0},"end":{"line":4,"column":49}},"4":{"start":{"line":5,"column":0},"end":{"line":5,"column":27}},"5":{"start":{"line":7,"column":20},"end":{"line":7,"column":26}},"6":{"start":{"line":8,"column":18},"end":{"line":8,"column":28}},"7":{"start":{"line":18,"column":30},"end":{"line":136,"column":1}},"8":{"start":{"line":19,"column":28},"end":{"line":19,"column":48}},"9":{"start":{"line":20,"column":42},"end":{"line":20,"column":54}},"10":{"start":{"line":21,"column":30},"end":{"line":21,"column":57}},"11":{"start":{"line":22,"column":36},"end":{"line":22,"column":51}},"12":{"start":{"line":23,"column":38},"end":{"line":23,"column":50}},"13":{"start":{"line":25,"column":2},"end":{"line":39,"column":9}},"14":{"start":{"line":26,"column":23},"end":{"line":37,"column":6}},"15":{"start":{"line":26,"column":34},"end":{"line":37,"column":6}},"16":{"start":{"line":27,"column":6},"end":{"line":27,"column":25}},"17":{"start":{"line":28,"column":6},"end":{"line":36,"column":7}},"18":{"start":{"line":29,"column":25},"end":{"line":29,"column":50}},"19":{"start":{"line":30,"column":8},"end":{"line":30,"column":39}},"20":{"start":{"line":32,"column":8},"end":{"line":32,"column":54}},"21":{"start":{"line":33,"column":8},"end":{"line":33,"column":47}},"22":{"start":{"line":35,"column":8},"end":{"line":35,"column":28}},"23":{"start":{"line":38,"column":4},"end":{"line":38,"column":17}},"24":{"start":{"line":41,"column":24},"end":{"line":48,"column":3}},"25":{"start":{"line":42,"column":4},"end":{"line":45,"column":5}},"26":{"start":{"line":43,"column":6},"end":{"line":43,"column":43}},"27":{"start":{"line":44,"column":6},"end":{"line":44,"column":19}},"28":{"start":{"line":46,"column":4},"end":{"line":46,"column":22}},"29":{"start":{"line":47,"column":4},"end":{"line":47,"column":16}},"30":{"start":{"line":50,"column":18},"end":{"line":70,"column":4}},"31":{"start":{"line":50,"column":29},"end":{"line":70,"column":4}},"32":{"start":{"line":51,"column":4},"end":{"line":51,"column":45}},"33":{"start":{"line":51,"column":38},"end":{"line":51,"column":45}},"34":{"start":{"line":52,"column":26},"end":{"line":56,"column":6}},"35":{"start":{"line":58,"column":4},"end":{"line":58,"column":53}},"36":{"start":{"line":58,"column":28},"end":{"line":58,"column":51}},"37":{"start":{"line":59,"column":4},"end":{"line":59,"column":24}},"38":{"start":{"line":61,"column":4},"end":{"line":69,"column":5}},"39":{"start":{"line":62,"column":23},"end":{"line":62,"column":58}},"40":{"start":{"line":63,"column":6},"end":{"line":65,"column":8}},"41":{"start":{"line":64,"column":8},"end":{"line":64,"column":87}},"42":{"start":{"line":64,"column":33},"end":{"line":64,"column":85}},"43":{"start":{"line":67,"column":6},"end":{"line":67,"column":82}},"44":{"start":{"line":67,"column":30},"end":{"line":67,"column":80}},"45":{"start":{"line":67,"column":57},"end":{"line":67,"column":79}},"46":{"start":{"line":68,"column":6},"end":{"line":68,"column":42}},"47":{"start":{"line":72,"column":28},"end":{"line":75,"column":3}},"48":{"start":{"line":73,"column":4},"end":{"line":73,"column":36}},"49":{"start":{"line":74,"column":4},"end":{"line":74,"column":38}},"50":{"start":{"line":74,"column":20},"end":{"line":74,"column":38}},"51":{"start":{"line":77,"column":25},"end":{"line":79,"column":3}},"52":{"start":{"line":78,"column":4},"end":{"line":78,"column":37}},"53":{"start":{"line":78,"column":27},"end":{"line":78,"column":37}},"54":{"start":{"line":81,"column":21},"end":{"line":85,"column":3}},"55":{"start":{"line":82,"column":4},"end":{"line":84,"column":6}},"56":{"start":{"line":83,"column":27},"end":{"line":83,"column":90}},"57":{"start":{"line":87,"column":24},"end":{"line":91,"column":4}},"58":{"start":{"line":88,"column":4},"end":{"line":88,"column":54}},"59":{"start":{"line":88,"column":32},"end":{"line":88,"column":54}},"60":{"start":{"line":89,"column":4},"end":{"line":89,"column":56}},"61":{"start":{"line":89,"column":33},"end":{"line":89,"column":56}},"62":{"start":{"line":90,"column":4},"end":{"line":90,"column":16}},"63":{"start":{"line":93,"column":2},"end":{"line":135,"column":4}},"64":{"start":{"line":114,"column":58},"end":{"line":114,"column":83}},"65":{"start":{"line":124,"column":16},"end":{"line":127,"column":null}},"66":{"start":{"line":125,"column":72},"end":{"line":125,"column":91}},"67":{"start":{"line":138,"column":0},"end":{"line":138,"column":27}}},"fnMap":{"0":{"name":"(anonymous_14)","decl":{"start":{"line":18,"column":30},"end":{"line":18,"column":33}},"loc":{"start":{"line":18,"column":35},"end":{"line":136,"column":1}}},"1":{"name":"(anonymous_15)","decl":{"start":{"line":25,"column":12},"end":{"line":25,"column":15}},"loc":{"start":{"line":25,"column":17},"end":{"line":39,"column":3}}},"2":{"name":"(anonymous_16)","decl":{"start":{"line":26,"column":23},"end":{"line":26,"column":32}},"loc":{"start":{"line":26,"column":34},"end":{"line":37,"column":6}}},"3":{"name":"(anonymous_17)","decl":{"start":{"line":26,"column":34},"end":{"line":26,"column":null}},"loc":{"start":{"line":26,"column":34},"end":{"line":37,"column":5}}},"4":{"name":"(anonymous_18)","decl":{"start":{"line":41,"column":24},"end":{"line":41,"column":25}},"loc":{"start":{"line":41,"column":51},"end":{"line":48,"column":3}}},"5":{"name":"(anonymous_19)","decl":{"start":{"line":50,"column":18},"end":{"line":50,"column":27}},"loc":{"start":{"line":50,"column":29},"end":{"line":70,"column":4}}},"6":{"name":"(anonymous_20)","decl":{"start":{"line":50,"column":29},"end":{"line":50,"column":null}},"loc":{"start":{"line":50,"column":29},"end":{"line":70,"column":3}}},"7":{"name":"(anonymous_21)","decl":{"start":{"line":58,"column":13},"end":{"line":58,"column":14}},"loc":{"start":{"line":58,"column":28},"end":{"line":58,"column":51}}},"8":{"name":"(anonymous_22)","decl":{"start":{"line":63,"column":15},"end":{"line":63,"column":16}},"loc":{"start":{"line":64,"column":8},"end":{"line":64,"column":87}}},"9":{"name":"(anonymous_23)","decl":{"start":{"line":64,"column":22},"end":{"line":64,"column":23}},"loc":{"start":{"line":64,"column":33},"end":{"line":64,"column":85}}},"10":{"name":"(anonymous_24)","decl":{"start":{"line":67,"column":15},"end":{"line":67,"column":16}},"loc":{"start":{"line":67,"column":30},"end":{"line":67,"column":80}}},"11":{"name":"(anonymous_25)","decl":{"start":{"line":67,"column":47},"end":{"line":67,"column":48}},"loc":{"start":{"line":67,"column":57},"end":{"line":67,"column":79}}},"12":{"name":"(anonymous_26)","decl":{"start":{"line":72,"column":28},"end":{"line":72,"column":29}},"loc":{"start":{"line":72,"column":71},"end":{"line":75,"column":3}}},"13":{"name":"(anonymous_27)","decl":{"start":{"line":77,"column":25},"end":{"line":77,"column":26}},"loc":{"start":{"line":77,"column":70},"end":{"line":79,"column":3}}},"14":{"name":"(anonymous_28)","decl":{"start":{"line":81,"column":21},"end":{"line":81,"column":22}},"loc":{"start":{"line":81,"column":36},"end":{"line":85,"column":3}}},"15":{"name":"(anonymous_29)","decl":{"start":{"line":83,"column":16},"end":{"line":83,"column":17}},"loc":{"start":{"line":83,"column":27},"end":{"line":83,"column":90}}},"16":{"name":"(anonymous_30)","decl":{"start":{"line":87,"column":37},"end":{"line":87,"column":38}},"loc":{"start":{"line":87,"column":46},"end":{"line":91,"column":3}}},"17":{"name":"(anonymous_31)","decl":{"start":{"line":114,"column":51},"end":{"line":114,"column":52}},"loc":{"start":{"line":114,"column":58},"end":{"line":114,"column":83}}},"18":{"name":"(anonymous_32)","decl":{"start":{"line":123,"column":27},"end":{"line":123,"column":28}},"loc":{"start":{"line":124,"column":16},"end":{"line":127,"column":null}}},"19":{"name":"(anonymous_33)","decl":{"start":{"line":125,"column":66},"end":{"line":125,"column":69}},"loc":{"start":{"line":125,"column":72},"end":{"line":125,"column":91}}}},"branchMap":{"0":{"loc":{"start":{"line":30,"column":17},"end":{"line":30,"column":37}},"type":"binary-expr","locations":[{"start":{"line":30,"column":17},"end":{"line":30,"column":31}},{"start":{"line":30,"column":35},"end":{"line":30,"column":37}}]},"1":{"loc":{"start":{"line":30,"column":17},"end":{"line":30,"column":31}},"type":"cond-expr","locations":[{"start":{"line":30,"column":25},"end":{"line":30,"column":27}},{"start":{"line":30,"column":17},"end":{"line":30,"column":31}}]},"2":{"loc":{"start":{"line":30,"column":17},"end":{"line":30,"column":27}},"type":"binary-expr","locations":[{"start":{"line":30,"column":17},"end":{"line":30,"column":27}},{"start":{"line":30,"column":17},"end":{"line":30,"column":27}}]},"3":{"loc":{"start":{"line":42,"column":4},"end":{"line":45,"column":5}},"type":"if","locations":[{"start":{"line":42,"column":4},"end":{"line":45,"column":5}}]},"4":{"loc":{"start":{"line":51,"column":4},"end":{"line":51,"column":45}},"type":"if","locations":[{"start":{"line":51,"column":4},"end":{"line":51,"column":45}}]},"5":{"loc":{"start":{"line":64,"column":33},"end":{"line":64,"column":85}},"type":"cond-expr","locations":[{"start":{"line":64,"column":57},"end":{"line":64,"column":79}},{"start":{"line":64,"column":81},"end":{"line":64,"column":85}}]},"6":{"loc":{"start":{"line":74,"column":4},"end":{"line":74,"column":38}},"type":"if","locations":[{"start":{"line":74,"column":4},"end":{"line":74,"column":38}}]},"7":{"loc":{"start":{"line":78,"column":4},"end":{"line":78,"column":37}},"type":"if","locations":[{"start":{"line":78,"column":4},"end":{"line":78,"column":37}}]},"8":{"loc":{"start":{"line":83,"column":27},"end":{"line":83,"column":90}},"type":"cond-expr","locations":[{"start":{"line":83,"column":43},"end":{"line":83,"column":84}},{"start":{"line":83,"column":86},"end":{"line":83,"column":90}}]},"9":{"loc":{"start":{"line":88,"column":4},"end":{"line":88,"column":54}},"type":"if","locations":[{"start":{"line":88,"column":4},"end":{"line":88,"column":54}}]},"10":{"loc":{"start":{"line":89,"column":4},"end":{"line":89,"column":56}},"type":"if","locations":[{"start":{"line":89,"column":4},"end":{"line":89,"column":56}}]},"11":{"loc":{"start":{"line":105,"column":25},"end":{"line":105,"column":50}},"type":"cond-expr","locations":[{"start":{"line":105,"column":38},"end":{"line":105,"column":45}},{"start":{"line":105,"column":48},"end":{"line":105,"column":50}}]},"12":{"loc":{"start":{"line":107,"column":16},"end":{"line":107,"column":79}},"type":"binary-expr","locations":[{"start":{"line":107,"column":16},"end":{"line":107,"column":26}},{"start":{"line":107,"column":30},"end":{"line":107,"column":79}}]},"13":{"loc":{"start":{"line":126,"column":38},"end":{"line":126,"column":76}},"type":"cond-expr","locations":[{"start":{"line":126,"column":55},"end":{"line":126,"column":71}},{"start":{"line":126,"column":74},"end":{"line":126,"column":76}}]}},"s":{"0":1,"1":1,"2":1,"3":1,"4":1,"5":1,"6":1,"7":1,"8":32,"9":31,"10":31,"11":31,"12":31,"13":31,"14":6,"15":6,"16":6,"17":6,"18":6,"19":6,"20":0,"21":0,"22":6,"23":6,"24":31,"25":2,"26":1,"27":1,"28":1,"29":1,"30":31,"31":2,"32":2,"33":1,"34":1,"35":1,"36":1,"37":1,"38":1,"39":1,"40":1,"41":1,"42":1,"43":0,"44":0,"45":0,"46":0,"47":31,"48":8,"49":8,"50":0,"51":31,"52":8,"53":0,"54":31,"55":1,"56":1,"57":31,"58":12,"59":2,"60":10,"61":2,"62":8,"63":31,"64":2,"65":10,"66":1,"67":1},"f":{"0":32,"1":6,"2":6,"3":6,"4":2,"5":2,"6":2,"7":1,"8":1,"9":1,"10":0,"11":0,"12":8,"13":8,"14":1,"15":1,"16":12,"17":2,"18":10,"19":1},"b":{"0":[6,3],"1":[3,3],"2":[6,6],"3":[1],"4":[1],"5":[1,0],"6":[0],"7":[0],"8":[1,0],"9":[2],"10":[2],"11":[1,30],"12":[31,1],"13":[4,6]}}
}
