TN:
SF:src/components/TaskManager/TaskManager.tsx
FN:18,(anonymous_14)
FN:25,(anonymous_15)
FN:26,(anonymous_16)
FN:26,(anonymous_17)
FN:41,(anonymous_18)
FN:50,(anonymous_19)
FN:50,(anonymous_20)
FN:58,(anonymous_21)
FN:63,(anonymous_22)
FN:64,(anonymous_23)
FN:67,(anonymous_24)
FN:67,(anonymous_25)
FN:72,(anonymous_26)
FN:77,(anonymous_27)
FN:81,(anonymous_28)
FN:83,(anonymous_29)
FN:87,(anonymous_30)
FN:114,(anonymous_31)
FN:123,(anonymous_32)
FN:125,(anonymous_33)
FNF:20
FNH:18
FNDA:32,(anonymous_14)
FNDA:6,(anonymous_15)
FNDA:6,(anonymous_16)
FNDA:6,(anonymous_17)
FNDA:2,(anonymous_18)
FNDA:2,(anonymous_19)
FNDA:2,(anonymous_20)
FNDA:1,(anonymous_21)
FNDA:1,(anonymous_22)
FNDA:1,(anonymous_23)
FNDA:0,(anonymous_24)
FNDA:0,(anonymous_25)
FNDA:8,(anonymous_26)
FNDA:8,(anonymous_27)
FNDA:1,(anonymous_28)
FNDA:1,(anonymous_29)
FNDA:12,(anonymous_30)
FNDA:2,(anonymous_31)
FNDA:10,(anonymous_32)
FNDA:1,(anonymous_33)
DA:1,1
DA:2,1
DA:3,1
DA:4,1
DA:5,1
DA:7,1
DA:8,1
DA:18,1
DA:19,32
DA:20,31
DA:21,31
DA:22,31
DA:23,31
DA:25,31
DA:26,6
DA:27,6
DA:28,6
DA:29,6
DA:30,6
DA:32,0
DA:33,0
DA:35,6
DA:38,6
DA:41,31
DA:42,2
DA:43,1
DA:44,1
DA:46,1
DA:47,1
DA:50,31
DA:51,2
DA:52,1
DA:58,1
DA:59,1
DA:61,1
DA:62,1
DA:63,1
DA:64,1
DA:67,0
DA:68,0
DA:72,31
DA:73,8
DA:74,8
DA:77,31
DA:78,8
DA:81,31
DA:82,1
DA:83,1
DA:87,31
DA:88,12
DA:89,10
DA:90,8
DA:93,31
DA:114,2
DA:124,10
DA:125,1
DA:138,1
LF:57
LH:53
BRDA:30,0,0,6
BRDA:30,0,1,3
BRDA:30,1,0,3
BRDA:30,1,1,3
BRDA:30,2,0,6
BRDA:30,2,1,6
BRDA:42,3,0,1
BRDA:51,4,0,1
BRDA:64,5,0,1
BRDA:64,5,1,0
BRDA:74,6,0,0
BRDA:78,7,0,0
BRDA:83,8,0,1
BRDA:83,8,1,0
BRDA:88,9,0,2
BRDA:89,10,0,2
BRDA:105,11,0,1
BRDA:105,11,1,30
BRDA:107,12,0,31
BRDA:107,12,1,1
BRDA:126,13,0,4
BRDA:126,13,1,6
BRF:22
BRH:18
end_of_record
